#
# There is insufficient memory for the Java Runtime Environment to continue.
# Native memory allocation (mmap) failed to map 266338304 bytes for G1 virtual space
# Possible reasons:
#   The system is out of physical RAM or swap space
#   The process is running with CompressedOops enabled, and the Java Heap may be blocking the growth of the native heap
# Possible solutions:
#   Reduce memory load on the system
#   Increase physical memory or swap space
#   Check if swap backing store is full
#   Decrease Java heap size (-Xmx/-Xms)
#   Decrease number of Java threads
#   Decrease Java thread stack sizes (-Xss)
#   Set larger code cache with -XX:ReservedCodeCacheSize=
#   JVM is running with Zero Based Compressed Oops mode in which the Java heap is
#     placed in the first 32GB address space. The Java Heap base address is the
#     maximum limit for the native heap growth. Please use -XX:HeapBaseMinAddress
#     to set the Java Heap base and to place the Java Heap above 32GB virtual address.
# This output file may be truncated or incomplete.
#
#  Out of Memory Error (os_windows.cpp:3530), pid=252868, tid=254348
#
# JRE version:  (18.0.1+10) (build )
# Java VM: OpenJDK 64-Bit Server VM (18.0.1+10, mixed mode, sharing, tiered, compressed oops, compressed class ptrs, g1 gc, windows-amd64)
# No core dump will be written. Minidumps are not enabled by default on client versions of Windows
#

---------------  S U M M A R Y ------------

Command Line: C:\Users\Lenovo\AppData\Local\Temp\surefire6223125093263018868\surefirebooter5619475211149659444.jar C:\Users\Lenovo\AppData\Local\Temp\surefire6223125093263018868 2023-11-12T23-42-47_128-jvmRun1 surefire6333348244186217771tmp surefire_02231518460684746498tmp

Host: Intel(R) Core(TM) i7-10750H CPU @ 2.60GHz, 12 cores, 15G,  Windows 11 , 64 bit Build 22621 (10.0.22621.2428)
Time: Sun Nov 12 23:42:48 2023 Hora oficial do Brasil elapsed time: 0.157694 seconds (0d 0h 0m 0s)

---------------  T H R E A D  ---------------

Current thread (0x000002400b89cb50):  JavaThread "Unknown thread" [_thread_in_vm, id=254348, stack(0x00000057c2f00000,0x00000057c3000000)]

Stack: [0x00000057c2f00000,0x00000057c3000000]
Native frames: (J=compiled Java code, j=interpreted, Vv=VM code, C=native code)
V  [jvm.dll+0x69cd4a]
V  [jvm.dll+0x84b63d]
V  [jvm.dll+0x84cf4e]
V  [jvm.dll+0x84d603]
V  [jvm.dll+0x25f19f]
V  [jvm.dll+0x699bb9]
V  [jvm.dll+0x68e6ea]
V  [jvm.dll+0x324e1b]
V  [jvm.dll+0x32c826]
V  [jvm.dll+0x38127e]
V  [jvm.dll+0x3814af]
V  [jvm.dll+0x2fcaba]
V  [jvm.dll+0x2fdb1d]
V  [jvm.dll+0x81a290]
V  [jvm.dll+0x38e611]
V  [jvm.dll+0x7f8f63]
V  [jvm.dll+0x41045f]
V  [jvm.dll+0x411f11]
C  [jli.dll+0x5267]
C  [ucrtbase.dll+0x29363]
C  [KERNEL32.DLL+0x1257d]
C  [ntdll.dll+0x5aa78]


---------------  P R O C E S S  ---------------

Threads class SMR info:
_java_thread_list=0x00007ffa0afdde10, length=0, elements={
}

Java Threads: ( => current thread )

Other Threads:
  0x000002400b90aa20 WorkerThread "GC Thread#0" [stack: 0x00000057c3000000,0x00000057c3100000] [id=247072]
  0x000002400b91b750 ConcurrentGCThread "G1 Main Marker" [stack: 0x00000057c3100000,0x00000057c3200000] [id=251420]
  0x000002400b91ccb0 WorkerThread "G1 Conc#0" [stack: 0x00000057c3200000,0x00000057c3300000] [id=211416]

[error occurred during error reporting (printing all threads), id 0xc0000005, EXCEPTION_ACCESS_VIOLATION (0xc0000005) at pc=0x00007ffa0a79d0e7]

VM state: not at safepoint (not fully initialized)

VM Mutex/Monitor currently owned by a thread:  ([mutex/lock_event])
[0x000002400b89b150] Heap_lock - owner thread: 0x000002400b89cb50

Heap address: 0x0000000702000000, size: 4064 MB, Compressed Oops mode: Zero based, Oop shift amount: 3

CDS archive(s) mapped at: [0x0000000000000000-0x0000000000000000-0x0000000000000000), size 0, SharedBaseAddress: 0x0000000800000000, ArchiveRelocationMode: 0.
Narrow klass base: 0x0000000000000000, Narrow klass shift: 0, Narrow klass range: 0x0

GC Precious Log:
 CardTable entry size: 512
 Card Set container configuration: InlinePtr #cards 4 size 8 Array Of Cards #cards 16 size 48 Howl #buckets 8 coarsen threshold 3686 Howl Bitmap #cards 512 size 80 coarsen threshold 460 Card regions per heap region 1 cards per card region 4096

Heap:
 garbage-first heap   total 0K, used 0K [0x0000000702000000, 0x0000000800000000)
  region size 2048K, 0 young (0K), 0 survivors (0K)

[error occurred during error reporting (printing heap information), id 0xc0000005, EXCEPTION_ACCESS_VIOLATION (0xc0000005) at pc=0x00007ffa0ab85109]

GC Heap History (0 events):
No events

Deoptimization events (0 events):
No events

Classes loaded (0 events):
No events

Classes unloaded (0 events):
No events

Classes redefined (0 events):
No events

Internal exceptions (0 events):
No events

VM Operations (0 events):
No events

Events (1 events):
Event: 0.131 Loaded shared library C:\Users\Lenovo\.p2\pool\plugins\org.eclipse.justj.openjdk.hotspot.jre.full.win32.x86_64_18.0.1.v20220515-1614\jre\bin\java.dll


Dynamic libraries:
0x00007ff7cb170000 - 0x00007ff7cb17e000 	C:\Users\Lenovo\.p2\pool\plugins\org.eclipse.justj.openjdk.hotspot.jre.full.win32.x86_64_18.0.1.v20220515-1614\jre\bin\java.exe
0x00007ffaadbd0000 - 0x00007ffaadde7000 	C:\WINDOWS\SYSTEM32\ntdll.dll
0x00007ffaac390000 - 0x00007ffaac454000 	C:\WINDOWS\System32\KERNEL32.DLL
0x00007ffaaaf50000 - 0x00007ffaab2f6000 	C:\WINDOWS\System32\KERNELBASE.dll
0x0000000053b20000 - 0x0000000053bcf000 	C:\ProgramData\Symantec\Symantec Endpoint Protection\14.3.5427.3000.105\Data\Sysfer\x64\sysfer.dll
0x00007ffaab720000 - 0x00007ffaab831000 	C:\WINDOWS\System32\ucrtbase.dll
0x00007ffa9a050000 - 0x00007ffa9a069000 	C:\Users\Lenovo\.p2\pool\plugins\org.eclipse.justj.openjdk.hotspot.jre.full.win32.x86_64_18.0.1.v20220515-1614\jre\bin\VCRUNTIME140.dll
0x00007ffaa3430000 - 0x00007ffaa3447000 	C:\Users\Lenovo\.p2\pool\plugins\org.eclipse.justj.openjdk.hotspot.jre.full.win32.x86_64_18.0.1.v20220515-1614\jre\bin\jli.dll
0x00007ffaabad0000 - 0x00007ffaabc7d000 	C:\WINDOWS\System32\USER32.dll
0x00007ffaab530000 - 0x00007ffaab556000 	C:\WINDOWS\System32\win32u.dll
0x00007ffaad1e0000 - 0x00007ffaad209000 	C:\WINDOWS\System32\GDI32.dll
0x00007ffaab560000 - 0x00007ffaab678000 	C:\WINDOWS\System32\gdi32full.dll
0x00007ffaab680000 - 0x00007ffaab71a000 	C:\WINDOWS\System32\msvcp_win.dll
0x00007ffa93b10000 - 0x00007ffa93da3000 	C:\WINDOWS\WinSxS\amd64_microsoft.windows.common-controls_6595b64144ccf1df_6.0.22621.2361_none_2712ced57382f843\COMCTL32.dll
0x00007ffaad0d0000 - 0x00007ffaad177000 	C:\WINDOWS\System32\msvcrt.dll
0x00007ffaad2d0000 - 0x00007ffaad301000 	C:\WINDOWS\System32\IMM32.DLL
0x00007ffaa64c0000 - 0x00007ffaa64cc000 	C:\Users\Lenovo\.p2\pool\plugins\org.eclipse.justj.openjdk.hotspot.jre.full.win32.x86_64_18.0.1.v20220515-1614\jre\bin\vcruntime140_1.dll
0x00007ffa83fb0000 - 0x00007ffa84041000 	C:\Users\Lenovo\.p2\pool\plugins\org.eclipse.justj.openjdk.hotspot.jre.full.win32.x86_64_18.0.1.v20220515-1614\jre\bin\msvcp140.dll
0x00007ffa0a490000 - 0x00007ffa0b119000 	C:\Users\Lenovo\.p2\pool\plugins\org.eclipse.justj.openjdk.hotspot.jre.full.win32.x86_64_18.0.1.v20220515-1614\jre\bin\server\jvm.dll
0x00007ffaac500000 - 0x00007ffaac5b0000 	C:\WINDOWS\System32\ADVAPI32.dll
0x00007ffaad210000 - 0x00007ffaad2b6000 	C:\WINDOWS\System32\sechost.dll
0x00007ffaac650000 - 0x00007ffaac767000 	C:\WINDOWS\System32\RPCRT4.dll
0x00007ffaad2c0000 - 0x00007ffaad2c8000 	C:\WINDOWS\System32\PSAPI.DLL
0x00007ffa8e520000 - 0x00007ffa8e529000 	C:\WINDOWS\SYSTEM32\WSOCK32.dll
0x00007ffaace90000 - 0x00007ffaacf01000 	C:\WINDOWS\System32\WS2_32.dll
0x00007ffaa32f0000 - 0x00007ffaa3324000 	C:\WINDOWS\SYSTEM32\WINMM.dll
0x00007ffaa3b50000 - 0x00007ffaa3b5a000 	C:\WINDOWS\SYSTEM32\VERSION.dll
0x00007ffaa9fe0000 - 0x00007ffaa9ff8000 	C:\WINDOWS\SYSTEM32\kernel.appcore.dll
0x00007ffaa6420000 - 0x00007ffaa642a000 	C:\Users\Lenovo\.p2\pool\plugins\org.eclipse.justj.openjdk.hotspot.jre.full.win32.x86_64_18.0.1.v20220515-1614\jre\bin\jimage.dll
0x00007ffaa8920000 - 0x00007ffaa8b4e000 	C:\WINDOWS\SYSTEM32\DBGHELP.DLL
0x00007ffaac9b0000 - 0x00007ffaacd3a000 	C:\WINDOWS\System32\combase.dll
0x00007ffaac770000 - 0x00007ffaac847000 	C:\WINDOWS\System32\OLEAUT32.dll
0x00007ffaa1990000 - 0x00007ffaa19c2000 	C:\WINDOWS\SYSTEM32\dbgcore.DLL
0x00007ffaab840000 - 0x00007ffaab8ba000 	C:\WINDOWS\System32\bcryptPrimitives.dll
0x00007ffaa2aa0000 - 0x00007ffaa2ac5000 	C:\Users\Lenovo\.p2\pool\plugins\org.eclipse.justj.openjdk.hotspot.jre.full.win32.x86_64_18.0.1.v20220515-1614\jre\bin\java.dll

dbghelp: loaded successfully - version: 4.0.5 - missing functions: none
symbol engine: initialized successfully - sym options: 0x614 - pdb path: .;C:\Users\Lenovo\.p2\pool\plugins\org.eclipse.justj.openjdk.hotspot.jre.full.win32.x86_64_18.0.1.v20220515-1614\jre\bin;C:\WINDOWS\SYSTEM32;C:\ProgramData\Symantec\Symantec Endpoint Protection\14.3.5427.3000.105\Data\Sysfer\x64;C:\WINDOWS\WinSxS\amd64_microsoft.windows.common-controls_6595b64144ccf1df_6.0.22621.2361_none_2712ced57382f843;C:\Users\Lenovo\.p2\pool\plugins\org.eclipse.justj.openjdk.hotspot.jre.full.win32.x86_64_18.0.1.v20220515-1614\jre\bin\server

VM Arguments:
java_command: C:\Users\Lenovo\AppData\Local\Temp\surefire6223125093263018868\surefirebooter5619475211149659444.jar C:\Users\Lenovo\AppData\Local\Temp\surefire6223125093263018868 2023-11-12T23-42-47_128-jvmRun1 surefire6333348244186217771tmp surefire_02231518460684746498tmp
java_class_path (initial): C:\Users\Lenovo\AppData\Local\Temp\surefire6223125093263018868\surefirebooter5619475211149659444.jar
Launcher Type: SUN_STANDARD

[Global flags]
     intx CICompilerCount                          = 4                                         {product} {ergonomic}
     uint ConcGCThreads                            = 3                                         {product} {ergonomic}
     uint G1ConcRefinementThreads                  = 10                                        {product} {ergonomic}
   size_t G1HeapRegionSize                         = 2097152                                   {product} {ergonomic}
    uintx GCDrainStackTargetSize                   = 64                                        {product} {ergonomic}
   size_t InitialHeapSize                          = 266338304                                 {product} {ergonomic}
   size_t MarkStackSize                            = 4194304                                   {product} {ergonomic}
   size_t MaxHeapSize                              = 4261412864                                {product} {ergonomic}
   size_t MinHeapDeltaBytes                        = 2097152                                   {product} {ergonomic}
   size_t MinHeapSize                              = 8388608                                   {product} {ergonomic}
    uintx NonNMethodCodeHeapSize                   = 5839372                                {pd product} {ergonomic}
    uintx NonProfiledCodeHeapSize                  = 122909434                              {pd product} {ergonomic}
    uintx ProfiledCodeHeapSize                     = 122909434                              {pd product} {ergonomic}
    uintx ReservedCodeCacheSize                    = 251658240                              {pd product} {ergonomic}
     bool SegmentedCodeCache                       = true                                      {product} {ergonomic}
   size_t SoftMaxHeapSize                          = 4261412864                             {manageable} {ergonomic}
     bool UseCompressedClassPointers               = true                           {product lp64_product} {ergonomic}
     bool UseCompressedOops                        = true                           {product lp64_product} {ergonomic}
     bool UseG1GC                                  = true                                      {product} {ergonomic}
     bool UseLargePagesIndividualAllocation        = false                                  {pd product} {ergonomic}

Logging:
Log output configuration:
 #0: stdout all=warning uptime,level,tags foldmultilines=false
 #1: stderr all=off uptime,level,tags foldmultilines=false

Environment Variables:
JAVA_HOME=C:\Program Files\Java\jdk-17
PATH=C:/Users/Lenovo/.p2/pool/plugins/org.eclipse.justj.openjdk.hotspot.jre.full.win32.x86_64_18.0.1.v20220515-1614/jre/bin/server;C:/Users/Lenovo/.p2/pool/plugins/org.eclipse.justj.openjdk.hotspot.jre.full.win32.x86_64_18.0.1.v20220515-1614/jre/bin;C:\Program Files\Common Files\Oracle\Java\javapath;C:\Program Files (x86)\Common Files\Oracle\Java\javapath;C:\Windows\system32;C:\Windows;C:\Windows\System32\Wbem;C:\Windows\System32\WindowsPowerShell\v1.0\;C:\Windows\System32\OpenSSH\;C:\Program Files (x86)\NVIDIA Corporation\PhysX\Common;C:\Program Files\NVIDIA Corporation\NVIDIA NvDLISR;C:\WINDOWS\system32;C:\WINDOWS;C:\WINDOWS\System32\Wbem;C:\WINDOWS\System32\WindowsPowerShell\v1.0\;C:\WINDOWS\System32\OpenSSH\;C:\Program Files\OpenVPN\bin;C:\Program Files\Git\cmd;C:\Program Files\Docker\Docker\resources\bin;"C:\Users\Lenovo\AppData\Local\Microsoft\WindowsApps;C:\Program Files\Java\jre1.8.0_351";C:\Users\Lenovo\AppData\Local\Microsoft\WindowsApps;C:\Program Files\Java\jdk-17\bin;C:\Users\Lenovo\Desktop\backup-2023-1\Instaladores\apache-maven-3.9.1-bin\apache-maven-3.9.1\bin;C:\Program Files\Git;;C:\WINDOWS\System32;
USERNAME=Lenovo
OS=Windows_NT
PROCESSOR_IDENTIFIER=Intel64 Family 6 Model 165 Stepping 2, GenuineIntel



---------------  S Y S T E M  ---------------

OS:
 Windows 11 , 64 bit Build 22621 (10.0.22621.2428)
OS uptime: 22 days 15:51 hours
Hyper-V role detected

CPU: total 12 (initial active 12) (6 cores per cpu, 2 threads per core) family 6 model 165 stepping 2 microcode 0xe2, cx8, cmov, fxsr, ht, mmx, 3dnowpref, sse, sse2, sse3, ssse3, sse4.1, sse4.2, popcnt, lzcnt, tsc, tscinvbit, avx, avx2, aes, erms, clmul, bmi1, bmi2, adx, fma, vzeroupper, clflush, clflushopt, hv

Memory: 4k page, system-wide physical 16252M (204M free)
TotalPageFile size 65404M (AvailPageFile size 184M)
current process WorkingSet (physical memory assigned to process): 12M, peak: 12M
current process commit charge ("private bytes"): 64M, peak: 318M

vm_info: OpenJDK 64-Bit Server VM (18.0.1+10) for windows-amd64 JRE (18.0.1+10), built on Apr 20 2022 05:04:48 by "" with MS VC++ 16.7 (VS2019)

END.
